<?xml version="1.0" encoding="UTF-8"?>
<testsuites name="Flow Register Login" time="156.035" tests="4" failures="1" errors="0">
   <testsuite name="Flow Register Login" tests="4" failures="1" errors="0" time="156.035" skipped="0" timestamp="2023-05-07 19:31:02" hostname="agung - DESKTOP-N4OK8PU" id="Test Suites/Flow Register Login">
      <properties>
         <property name="deviceName" value="emulator-5554 (sdk_gphone_x86_arm - Android 11)"/>
         <property name="devicePlatform" value=""/>
         <property name="logFolder" value="D:\\Project\\Katalon\\Surplus\\surplus-mobile\\Reports\\20230507_193059\\Flow Register Login\\20230507_193059"/>
         <property name="logFiles" value="D:\\Project\\Katalon\\Surplus\\surplus-mobile\\Reports\\20230507_193059\\Flow Register Login\\20230507_193059\\appium.log, D:\\Project\\Katalon\\Surplus\\surplus-mobile\\Reports\\20230507_193059\\Flow Register Login\\20230507_193059\\execution0.log"/>
         <property name="attachments" value=""/>
         <property name="hostName" value="agung - DESKTOP-N4OK8PU"/>
         <property name="os" value="Windows 10 64bit"/>
         <property name="appiumServerStatus" value="{&quot;value&quot;:{&quot;build&quot;:{&quot;version&quot;:&quot;1.19.1&quot;}},&quot;sessionId&quot;:null,&quot;status&quot;:0}"/>
         <property name="katalonVersion" value="8.5.5.208"/>
         <property name="deviceOS" value="Android"/>
         <property name="appiumVersion" value="1.19.1"/>
         <property name="deviceModel" value="sdk_gphone_x86_arm"/>
         <property name="hostAddress" value="192.168.100.5"/>
         <property name="deviceManufacturer" value="Google"/>
         <property name="deviceId" value="emulator-5554"/>
         <property name="deviceName" value="emulator-5554 (sdk_gphone_x86_arm - Android 11)"/>
         <property name="deviceOSVersion" value="11"/>
      </properties>
      <testcase name="Test Cases/Android/Register/Register Success" time="40.375" classname="Test Cases/Android/Register/Register Success" status="PASSED">
         <system-out><![CDATA[2023-05-07 19:31:02 - [TEST_CASE][PASSED] - Test Cases/Android/Register/Register Success: Test Cases/Android/Register/Register Success

2023-05-07 19:31:03 - [TEST_STEP][PASSED] - Common.setGVariable(): null

2023-05-07 19:31:03 - [TEST_STEP][PASSED] - Common.startApp(): Started app at: 'D:\Project\Katalon\Surplus\surplus-mobile\Android Apps\Login Test.apk'

2023-05-07 19:31:03 - [MESSAGE][INFO] - Detected NodeJS location: "C:\Program Files\nodejs\node.exe"

2023-05-07 19:31:05 - [MESSAGE][INFO] - Appium server started on port 52,073

2023-05-07 19:31:14 - [MESSAGE][PASSED] - Started app at: 'D:\Project\Katalon\Surplus\surplus-mobile\Android Apps\Login Test.apk'

2023-05-07 19:31:14 - [TEST_STEP][PASSED] - comment("Case : Register Success"): Case : Register Success

2023-05-07 19:31:14 - [MESSAGE][INFO] - Case : Register Success

2023-05-07 19:31:14 - [TEST_STEP][PASSED] - comment("Step : Tap link to page register"): Step : Tap link to page register

2023-05-07 19:31:14 - [MESSAGE][INFO] - Step : Tap link to page register

2023-05-07 19:31:14 - [TEST_STEP][PASSED] - tap(findTestObject("Object Repository/Android/Login/TextView - Register"), 0): Tapped on element 'Object Repository/Android/Login/TextView - Register'

2023-05-07 19:31:14 - [MESSAGE][WARNING] - Timeout '0' is invalid. Using default page load timeout: '30'

2023-05-07 19:31:15 - [MESSAGE][PASSED] - Tapped on element 'Object Repository/Android/Login/TextView - Register'

2023-05-07 19:31:15 - [TEST_STEP][PASSED] - comment("Step : Tap field Name and set value"): Step : Tap field Name and set value

2023-05-07 19:31:15 - [MESSAGE][INFO] - Step : Tap field Name and set value

2023-05-07 19:31:15 - [TEST_STEP][PASSED] - register.setName(G_name): Keyboard is hidden

2023-05-07 19:31:15 - [MESSAGE][WARNING] - Timeout '0' is invalid. Using default page load timeout: '30'

2023-05-07 19:31:16 - [MESSAGE][PASSED] - Tapped on element 'Object Repository/Android/Register/EditText - Name'

2023-05-07 19:31:16 - [MESSAGE][WARNING] - Timeout '0' is invalid. Using default page load timeout: '30'

2023-05-07 19:31:18 - [MESSAGE][PASSED] - Text 'qq' has been set to element 'Object Repository/Android/Register/EditText - Name'

2023-05-07 19:31:19 - [MESSAGE][PASSED] - Keyboard is hidden

2023-05-07 19:31:19 - [TEST_STEP][PASSED] - comment("Step : Tap field Email and set value"): Step : Tap field Email and set value

2023-05-07 19:31:19 - [MESSAGE][INFO] - Step : Tap field Email and set value

2023-05-07 19:31:19 - [TEST_STEP][PASSED] - register.setEmail(G_email): Keyboard is hidden

2023-05-07 19:31:19 - [MESSAGE][WARNING] - Timeout '0' is invalid. Using default page load timeout: '30'

2023-05-07 19:31:20 - [MESSAGE][PASSED] - Tapped on element 'Object Repository/Android/Register/EditText - Email'

2023-05-07 19:31:20 - [MESSAGE][WARNING] - Timeout '0' is invalid. Using default page load timeout: '30'

2023-05-07 19:31:21 - [MESSAGE][PASSED] - Text 'qq0@qq.com' has been set to element 'Object Repository/Android/Register/EditText - Email'

2023-05-07 19:31:22 - [MESSAGE][PASSED] - Keyboard is hidden

2023-05-07 19:31:22 - [TEST_STEP][PASSED] - comment("Step : Tap field Password and set value"): Step : Tap field Password and set value

2023-05-07 19:31:22 - [MESSAGE][INFO] - Step : Tap field Password and set value

2023-05-07 19:31:22 - [TEST_STEP][PASSED] - register.setPassword(G_password): Keyboard is hidden

2023-05-07 19:31:22 - [MESSAGE][WARNING] - Timeout '0' is invalid. Using default page load timeout: '30'

2023-05-07 19:31:24 - [MESSAGE][PASSED] - Tapped on element 'Object Repository/Android/Register/EditText - Password'

2023-05-07 19:31:24 - [MESSAGE][WARNING] - Timeout '0' is invalid. Using default page load timeout: '30'

2023-05-07 19:31:24 - [MESSAGE][PASSED] - Text 'qqqq' has been set to element 'Object Repository/Android/Register/EditText - Password'

2023-05-07 19:31:28 - [MESSAGE][PASSED] - Keyboard is hidden

2023-05-07 19:31:28 - [TEST_STEP][PASSED] - comment("Step : Tap field Confirm Password and set value"): Step : Tap field Confirm Password and set value

2023-05-07 19:31:28 - [MESSAGE][INFO] - Step : Tap field Confirm Password and set value

2023-05-07 19:31:28 - [TEST_STEP][PASSED] - register.setConfirmPassword(G_password): Keyboard is hidden

2023-05-07 19:31:28 - [MESSAGE][WARNING] - Timeout '0' is invalid. Using default page load timeout: '30'

2023-05-07 19:31:29 - [MESSAGE][PASSED] - Tapped on element 'Object Repository/Android/Register/EditText - Confirm Password'

2023-05-07 19:31:29 - [MESSAGE][WARNING] - Timeout '0' is invalid. Using default page load timeout: '30'

2023-05-07 19:31:30 - [MESSAGE][PASSED] - Text 'qqqq' has been set to element 'Object Repository/Android/Register/EditText - Confirm Password'

2023-05-07 19:31:33 - [MESSAGE][PASSED] - Keyboard is hidden

2023-05-07 19:31:33 - [TEST_STEP][PASSED] - comment("Step : Tap button Register to confirm"): Step : Tap button Register to confirm

2023-05-07 19:31:33 - [MESSAGE][INFO] - Step : Tap button Register to confirm

2023-05-07 19:31:33 - [TEST_STEP][PASSED] - register.tapButtonRegister(): Tapped on element 'Object Repository/Android/Register/Button - REGISTER'

2023-05-07 19:31:33 - [MESSAGE][WARNING] - Timeout '0' is invalid. Using default page load timeout: '30'

2023-05-07 19:31:34 - [MESSAGE][PASSED] - Tapped on element 'Object Repository/Android/Register/Button - REGISTER'

2023-05-07 19:31:34 - [TEST_STEP][PASSED] - comment("Step : Check toast confirm registration failed - email already exists"): Step : Check toast confirm registration failed - email already exists

2023-05-07 19:31:34 - [MESSAGE][INFO] - Step : Check toast confirm registration failed - email already exists

2023-05-07 19:31:34 - [TEST_STEP][PASSED] - register.checkToastStatus(): Element 'Object Repository/Android/Register/TextView - Email Already Exists' not found

2023-05-07 19:31:34 - [MESSAGE][PASSED] - Element 'Object Repository/Android/Register/TextView - Email Already Exists' is exist

2023-05-07 19:31:34 - [MESSAGE][WARNING] - Timeout '0' is invalid. Using default page load timeout: '30'

2023-05-07 19:31:35 - [MESSAGE][PASSED] - Tapped on element 'Object Repository/Android/Register/EditText - Email'

2023-05-07 19:31:35 - [MESSAGE][WARNING] - Timeout '0' is invalid. Using default page load timeout: '30'

2023-05-07 19:31:36 - [MESSAGE][PASSED] - Text 'qq1@qq.com' has been set to element 'Object Repository/Android/Register/EditText - Email'

2023-05-07 19:31:37 - [MESSAGE][PASSED] - Keyboard is hidden

2023-05-07 19:31:37 - [MESSAGE][WARNING] - Timeout '0' is invalid. Using default page load timeout: '30'

2023-05-07 19:31:38 - [MESSAGE][PASSED] - Tapped on element 'Object Repository/Android/Register/Button - REGISTER'

2023-05-07 19:31:38 - [MESSAGE][PASSED] - Element 'Object Repository/Android/Register/TextView - Email Already Exists' is exist

2023-05-07 19:31:38 - [MESSAGE][WARNING] - Timeout '0' is invalid. Using default page load timeout: '30'

2023-05-07 19:31:38 - [MESSAGE][PASSED] - Tapped on element 'Object Repository/Android/Register/EditText - Email'

2023-05-07 19:31:38 - [MESSAGE][WARNING] - Timeout '0' is invalid. Using default page load timeout: '30'

2023-05-07 19:31:40 - [MESSAGE][PASSED] - Text 'qq2@qq.com' has been set to element 'Object Repository/Android/Register/EditText - Email'

2023-05-07 19:31:41 - [MESSAGE][PASSED] - Keyboard is hidden

2023-05-07 19:31:41 - [MESSAGE][WARNING] - Timeout '0' is invalid. Using default page load timeout: '30'

2023-05-07 19:31:42 - [MESSAGE][PASSED] - Tapped on element 'Object Repository/Android/Register/Button - REGISTER'

2023-05-07 19:31:43 - [MESSAGE][WARNING] - Element 'Object Repository/Android/Register/TextView - Email Already Exists' not found

2023-05-07 19:31:43 - [TEST_STEP][PASSED] - comment("Step : Check toast confirm registration successful"): Step : Check toast confirm registration successful

2023-05-07 19:31:43 - [MESSAGE][INFO] - Step : Check toast confirm registration successful

2023-05-07 19:31:43 - [TEST_STEP][PASSED] - register.checkToastRegisterSuccess(): Element 'Object Repository/Android/Register/TextView - Registration Successful' is exist

2023-05-07 19:31:43 - [MESSAGE][PASSED] - Element 'Object Repository/Android/Register/TextView - Registration Successful' is exist]]></system-out>
         <system-err><![CDATA[]]></system-err>
      </testcase>
      <testcase name="Test Cases/Android/Register/Register Failed" time="70.621" classname="Test Cases/Android/Register/Register Failed" status="PASSED">
         <system-out><![CDATA[2023-05-07 19:31:43 - [TEST_CASE][PASSED] - Test Cases/Android/Register/Register Failed: Test Cases/Android/Register/Register Failed

2023-05-07 19:31:43 - [TEST_STEP][PASSED] - Common.startApp(): Started app at: 'D:\Project\Katalon\Surplus\surplus-mobile\Android Apps\Login Test.apk'

2023-05-07 19:31:53 - [MESSAGE][PASSED] - Started app at: 'D:\Project\Katalon\Surplus\surplus-mobile\Android Apps\Login Test.apk'

2023-05-07 19:31:53 - [TEST_STEP][PASSED] - comment("Step : Tap link to page register"): Step : Tap link to page register

2023-05-07 19:31:53 - [MESSAGE][INFO] - Step : Tap link to page register

2023-05-07 19:31:53 - [TEST_STEP][PASSED] - tap(findTestObject("Object Repository/Android/Login/TextView - Register"), 0): Tapped on element 'Object Repository/Android/Login/TextView - Register'

2023-05-07 19:31:53 - [MESSAGE][WARNING] - Timeout '0' is invalid. Using default page load timeout: '30'

2023-05-07 19:31:53 - [MESSAGE][PASSED] - Tapped on element 'Object Repository/Android/Login/TextView - Register'

2023-05-07 19:31:53 - [TEST_STEP][PASSED] - comment("Case : Field Name empty"): Case : Field Name empty

2023-05-07 19:31:53 - [MESSAGE][INFO] - Case : Field Name empty

2023-05-07 19:31:53 - [TEST_STEP][PASSED] - register.setName(""): Keyboard is hidden

2023-05-07 19:31:53 - [MESSAGE][WARNING] - Timeout '0' is invalid. Using default page load timeout: '30'

2023-05-07 19:31:55 - [MESSAGE][PASSED] - Tapped on element 'Object Repository/Android/Register/EditText - Name'

2023-05-07 19:31:55 - [MESSAGE][WARNING] - Timeout '0' is invalid. Using default page load timeout: '30'

2023-05-07 19:31:56 - [MESSAGE][PASSED] - Text '' has been set to element 'Object Repository/Android/Register/EditText - Name'

2023-05-07 19:31:57 - [MESSAGE][PASSED] - Keyboard is hidden

2023-05-07 19:31:57 - [TEST_STEP][PASSED] - register.tapButtonRegister(): Tapped on element 'Object Repository/Android/Register/Button - REGISTER'

2023-05-07 19:31:57 - [MESSAGE][WARNING] - Timeout '0' is invalid. Using default page load timeout: '30'

2023-05-07 19:31:58 - [MESSAGE][PASSED] - Tapped on element 'Object Repository/Android/Register/Button - REGISTER'

2023-05-07 19:31:58 - [TEST_STEP][PASSED] - register.verifyFieldName(): Element 'Object Repository/Android/Register/TextView - Enter Full Name' is exist

2023-05-07 19:31:58 - [MESSAGE][PASSED] - Element 'Object Repository/Android/Register/TextView - Enter Full Name' is exist

2023-05-07 19:31:58 - [TEST_STEP][PASSED] - comment("Case : Field Email empty"): Case : Field Email empty

2023-05-07 19:31:58 - [MESSAGE][INFO] - Case : Field Email empty

2023-05-07 19:31:58 - [TEST_STEP][PASSED] - register.setName(G_name): Keyboard is hidden

2023-05-07 19:31:58 - [MESSAGE][WARNING] - Timeout '0' is invalid. Using default page load timeout: '30'

2023-05-07 19:31:58 - [MESSAGE][PASSED] - Tapped on element 'Object Repository/Android/Register/EditText - Name'

2023-05-07 19:31:58 - [MESSAGE][WARNING] - Timeout '0' is invalid. Using default page load timeout: '30'

2023-05-07 19:32:00 - [MESSAGE][PASSED] - Text 'qq' has been set to element 'Object Repository/Android/Register/EditText - Name'

2023-05-07 19:32:01 - [MESSAGE][PASSED] - Keyboard is hidden

2023-05-07 19:32:01 - [TEST_STEP][PASSED] - register.setEmail(""): Keyboard is hidden

2023-05-07 19:32:01 - [MESSAGE][WARNING] - Timeout '0' is invalid. Using default page load timeout: '30'

2023-05-07 19:32:03 - [MESSAGE][PASSED] - Tapped on element 'Object Repository/Android/Register/EditText - Email'

2023-05-07 19:32:03 - [MESSAGE][WARNING] - Timeout '0' is invalid. Using default page load timeout: '30'

2023-05-07 19:32:04 - [MESSAGE][PASSED] - Text '' has been set to element 'Object Repository/Android/Register/EditText - Email'

2023-05-07 19:32:05 - [MESSAGE][PASSED] - Keyboard is hidden

2023-05-07 19:32:05 - [TEST_STEP][PASSED] - register.tapButtonRegister(): Tapped on element 'Object Repository/Android/Register/Button - REGISTER'

2023-05-07 19:32:05 - [MESSAGE][WARNING] - Timeout '0' is invalid. Using default page load timeout: '30'

2023-05-07 19:32:06 - [MESSAGE][PASSED] - Tapped on element 'Object Repository/Android/Register/Button - REGISTER'

2023-05-07 19:32:06 - [TEST_STEP][PASSED] - register.verifyFieldEmail(): Element 'Object Repository/Android/Register/TextView - Enter Valid Email' is exist

2023-05-07 19:32:06 - [MESSAGE][PASSED] - Element 'Object Repository/Android/Register/TextView - Enter Valid Email' is exist

2023-05-07 19:32:06 - [TEST_STEP][PASSED] - comment("Case : Field Password empty"): Case : Field Password empty

2023-05-07 19:32:06 - [MESSAGE][INFO] - Case : Field Password empty

2023-05-07 19:32:06 - [TEST_STEP][PASSED] - register.setName(G_name): Keyboard is hidden

2023-05-07 19:32:06 - [MESSAGE][WARNING] - Timeout '0' is invalid. Using default page load timeout: '30'

2023-05-07 19:32:07 - [MESSAGE][PASSED] - Tapped on element 'Object Repository/Android/Register/EditText - Name'

2023-05-07 19:32:07 - [MESSAGE][WARNING] - Timeout '0' is invalid. Using default page load timeout: '30'

2023-05-07 19:32:08 - [MESSAGE][PASSED] - Text 'qq' has been set to element 'Object Repository/Android/Register/EditText - Name'

2023-05-07 19:32:09 - [MESSAGE][PASSED] - Keyboard is hidden

2023-05-07 19:32:09 - [TEST_STEP][PASSED] - register.setEmail(G_email): Keyboard is hidden

2023-05-07 19:32:09 - [MESSAGE][WARNING] - Timeout '0' is invalid. Using default page load timeout: '30'

2023-05-07 19:32:09 - [MESSAGE][PASSED] - Tapped on element 'Object Repository/Android/Register/EditText - Email'

2023-05-07 19:32:09 - [MESSAGE][WARNING] - Timeout '0' is invalid. Using default page load timeout: '30'

2023-05-07 19:32:11 - [MESSAGE][PASSED] - Text 'qq2@qq.com' has been set to element 'Object Repository/Android/Register/EditText - Email'

2023-05-07 19:32:12 - [MESSAGE][PASSED] - Keyboard is hidden

2023-05-07 19:32:12 - [TEST_STEP][PASSED] - register.setPassword(""): Keyboard is hidden

2023-05-07 19:32:13 - [MESSAGE][WARNING] - Timeout '0' is invalid. Using default page load timeout: '30'

2023-05-07 19:32:13 - [MESSAGE][PASSED] - Tapped on element 'Object Repository/Android/Register/EditText - Password'

2023-05-07 19:32:13 - [MESSAGE][WARNING] - Timeout '0' is invalid. Using default page load timeout: '30'

2023-05-07 19:32:14 - [MESSAGE][PASSED] - Text '' has been set to element 'Object Repository/Android/Register/EditText - Password'

2023-05-07 19:32:18 - [MESSAGE][PASSED] - Keyboard is hidden

2023-05-07 19:32:18 - [TEST_STEP][PASSED] - register.tapButtonRegister(): Tapped on element 'Object Repository/Android/Register/Button - REGISTER'

2023-05-07 19:32:18 - [MESSAGE][WARNING] - Timeout '0' is invalid. Using default page load timeout: '30'

2023-05-07 19:32:18 - [MESSAGE][PASSED] - Tapped on element 'Object Repository/Android/Register/Button - REGISTER'

2023-05-07 19:32:18 - [TEST_STEP][PASSED] - register.verifyFieldPassword(): Element 'Object Repository/Android/Register/TextView - Enter Password' is exist

2023-05-07 19:32:19 - [MESSAGE][PASSED] - Element 'Object Repository/Android/Register/TextView - Enter Password' is exist

2023-05-07 19:32:19 - [TEST_STEP][PASSED] - comment("Case : Field Confirm Password empty"): Case : Field Confirm Password empty

2023-05-07 19:32:19 - [MESSAGE][INFO] - Case : Field Confirm Password empty

2023-05-07 19:32:19 - [TEST_STEP][PASSED] - register.setName(G_name): Keyboard is hidden

2023-05-07 19:32:19 - [MESSAGE][WARNING] - Timeout '0' is invalid. Using default page load timeout: '30'

2023-05-07 19:32:19 - [MESSAGE][PASSED] - Tapped on element 'Object Repository/Android/Register/EditText - Name'

2023-05-07 19:32:19 - [MESSAGE][WARNING] - Timeout '0' is invalid. Using default page load timeout: '30'

2023-05-07 19:32:20 - [MESSAGE][PASSED] - Text 'qq' has been set to element 'Object Repository/Android/Register/EditText - Name'

2023-05-07 19:32:22 - [MESSAGE][PASSED] - Keyboard is hidden

2023-05-07 19:32:22 - [TEST_STEP][PASSED] - register.setEmail(G_email): Keyboard is hidden

2023-05-07 19:32:22 - [MESSAGE][WARNING] - Timeout '0' is invalid. Using default page load timeout: '30'

2023-05-07 19:32:22 - [MESSAGE][PASSED] - Tapped on element 'Object Repository/Android/Register/EditText - Email'

2023-05-07 19:32:22 - [MESSAGE][WARNING] - Timeout '0' is invalid. Using default page load timeout: '30'

2023-05-07 19:32:24 - [MESSAGE][PASSED] - Text 'qq2@qq.com' has been set to element 'Object Repository/Android/Register/EditText - Email'

2023-05-07 19:32:25 - [MESSAGE][PASSED] - Keyboard is hidden

2023-05-07 19:32:25 - [TEST_STEP][PASSED] - register.setPassword(G_password): Keyboard is hidden

2023-05-07 19:32:25 - [MESSAGE][WARNING] - Timeout '0' is invalid. Using default page load timeout: '30'

2023-05-07 19:32:25 - [MESSAGE][PASSED] - Tapped on element 'Object Repository/Android/Register/EditText - Password'

2023-05-07 19:32:25 - [MESSAGE][WARNING] - Timeout '0' is invalid. Using default page load timeout: '30'

2023-05-07 19:32:27 - [MESSAGE][PASSED] - Text 'qqqq' has been set to element 'Object Repository/Android/Register/EditText - Password'

2023-05-07 19:32:30 - [MESSAGE][PASSED] - Keyboard is hidden

2023-05-07 19:32:30 - [TEST_STEP][PASSED] - register.setConfirmPassword(""): Keyboard is hidden

2023-05-07 19:32:30 - [MESSAGE][WARNING] - Timeout '0' is invalid. Using default page load timeout: '30'

2023-05-07 19:32:30 - [MESSAGE][PASSED] - Tapped on element 'Object Repository/Android/Register/EditText - Confirm Password'

2023-05-07 19:32:30 - [MESSAGE][WARNING] - Timeout '0' is invalid. Using default page load timeout: '30'

2023-05-07 19:32:32 - [MESSAGE][PASSED] - Text '' has been set to element 'Object Repository/Android/Register/EditText - Confirm Password'

2023-05-07 19:32:35 - [MESSAGE][PASSED] - Keyboard is hidden

2023-05-07 19:32:35 - [TEST_STEP][PASSED] - register.tapButtonRegister(): Tapped on element 'Object Repository/Android/Register/Button - REGISTER'

2023-05-07 19:32:35 - [MESSAGE][WARNING] - Timeout '0' is invalid. Using default page load timeout: '30'

2023-05-07 19:32:36 - [MESSAGE][PASSED] - Tapped on element 'Object Repository/Android/Register/Button - REGISTER'

2023-05-07 19:32:36 - [TEST_STEP][PASSED] - register.verifyFieldConfirmPassword(): Element 'Object Repository/Android/Register/TextView - Password Does Not Matches' is exist

2023-05-07 19:32:36 - [MESSAGE][PASSED] - Element 'Object Repository/Android/Register/TextView - Password Does Not Matches' is exist

2023-05-07 19:32:36 - [TEST_STEP][PASSED] - comment("Case : Email Already Exists"): Case : Email Already Exists

2023-05-07 19:32:36 - [MESSAGE][INFO] - Case : Email Already Exists

2023-05-07 19:32:36 - [TEST_STEP][PASSED] - register.setName(G_name): Keyboard is hidden

2023-05-07 19:32:36 - [MESSAGE][WARNING] - Timeout '0' is invalid. Using default page load timeout: '30'

2023-05-07 19:32:37 - [MESSAGE][PASSED] - Tapped on element 'Object Repository/Android/Register/EditText - Name'

2023-05-07 19:32:37 - [MESSAGE][WARNING] - Timeout '0' is invalid. Using default page load timeout: '30'

2023-05-07 19:32:38 - [MESSAGE][PASSED] - Text 'qq' has been set to element 'Object Repository/Android/Register/EditText - Name'

2023-05-07 19:32:39 - [MESSAGE][PASSED] - Keyboard is hidden

2023-05-07 19:32:39 - [TEST_STEP][PASSED] - register.setEmail(G_email): Keyboard is hidden

2023-05-07 19:32:39 - [MESSAGE][WARNING] - Timeout '0' is invalid. Using default page load timeout: '30'

2023-05-07 19:32:39 - [MESSAGE][PASSED] - Tapped on element 'Object Repository/Android/Register/EditText - Email'

2023-05-07 19:32:39 - [MESSAGE][WARNING] - Timeout '0' is invalid. Using default page load timeout: '30'

2023-05-07 19:32:41 - [MESSAGE][PASSED] - Text 'qq2@qq.com' has been set to element 'Object Repository/Android/Register/EditText - Email'

2023-05-07 19:32:42 - [MESSAGE][PASSED] - Keyboard is hidden

2023-05-07 19:32:42 - [TEST_STEP][PASSED] - register.setPassword(G_password): Keyboard is hidden

2023-05-07 19:32:42 - [MESSAGE][WARNING] - Timeout '0' is invalid. Using default page load timeout: '30'

2023-05-07 19:32:43 - [MESSAGE][PASSED] - Tapped on element 'Object Repository/Android/Register/EditText - Password'

2023-05-07 19:32:43 - [MESSAGE][WARNING] - Timeout '0' is invalid. Using default page load timeout: '30'

2023-05-07 19:32:44 - [MESSAGE][PASSED] - Text 'qqqq' has been set to element 'Object Repository/Android/Register/EditText - Password'

2023-05-07 19:32:47 - [MESSAGE][PASSED] - Keyboard is hidden

2023-05-07 19:32:47 - [TEST_STEP][PASSED] - register.setConfirmPassword(G_password): Keyboard is hidden

2023-05-07 19:32:47 - [MESSAGE][WARNING] - Timeout '0' is invalid. Using default page load timeout: '30'

2023-05-07 19:32:49 - [MESSAGE][PASSED] - Tapped on element 'Object Repository/Android/Register/EditText - Confirm Password'

2023-05-07 19:32:49 - [MESSAGE][WARNING] - Timeout '0' is invalid. Using default page load timeout: '30'

2023-05-07 19:32:49 - [MESSAGE][PASSED] - Text 'qqqq' has been set to element 'Object Repository/Android/Register/EditText - Confirm Password'

2023-05-07 19:32:53 - [MESSAGE][PASSED] - Keyboard is hidden

2023-05-07 19:32:53 - [TEST_STEP][PASSED] - register.tapButtonRegister(): Tapped on element 'Object Repository/Android/Register/Button - REGISTER'

2023-05-07 19:32:53 - [MESSAGE][WARNING] - Timeout '0' is invalid. Using default page load timeout: '30'

2023-05-07 19:32:53 - [MESSAGE][PASSED] - Tapped on element 'Object Repository/Android/Register/Button - REGISTER'

2023-05-07 19:32:53 - [TEST_STEP][PASSED] - register.checkToastEmailExist(): Element 'Object Repository/Android/Register/TextView - Email Already Exists' is exist

2023-05-07 19:32:54 - [MESSAGE][PASSED] - Element 'Object Repository/Android/Register/TextView - Email Already Exists' is exist]]></system-out>
         <system-err><![CDATA[]]></system-err>
      </testcase>
      <testcase name="Test Cases/Android/Login/Login Success" time="21.261" classname="Test Cases/Android/Login/Login Success" status="FAILED">
         <failure type="FAILED" message="Test Cases/Android/Login/Login Success FAILED.
Reason:
com.kms.katalon.core.exception.StepFailedException: Element 'Object Repository/Android/Dashboad/TextView - Android NewLine Learning' not found
	at com.kms.katalon.core.keyword.internal.KeywordMain.stepFailed(KeywordMain.groovy:39)
	at com.kms.katalon.core.mobile.keyword.internal.MobileKeywordMain.stepFailed(MobileKeywordMain.groovy:40)
	at com.kms.katalon.core.mobile.keyword.builtin.VerifyElementExistKeyword$_verifyElementExist_closure1.doCall(VerifyElementExistKeyword.groovy:77)
	at com.kms.katalon.core.mobile.keyword.builtin.VerifyElementExistKeyword$_verifyElementExist_closure1.call(VerifyElementExistKeyword.groovy)
	at com.kms.katalon.core.mobile.keyword.internal.MobileKeywordMain.runKeyword(MobileKeywordMain.groovy:21)
	at com.kms.katalon.core.mobile.keyword.builtin.VerifyElementExistKeyword.verifyElementExist(VerifyElementExistKeyword.groovy:80)
	at com.kms.katalon.core.mobile.keyword.builtin.VerifyElementExistKeyword.execute(VerifyElementExistKeyword.groovy:64)
	at com.kms.katalon.core.keyword.internal.KeywordExecutor.executeKeywordForPlatform(KeywordExecutor.groovy:74)
	at com.kms.katalon.core.mobile.keyword.MobileBuiltInKeywords.verifyElementExist(MobileBuiltInKeywords.groovy:1739)
	at com.kms.katalon.core.mobile.keyword.MobileBuiltInKeywords$verifyElementExist$3.call(Unknown Source)
	at mobile.login.verifyLoginSuccess(login.groovy:61)
	at mobile.login$verifyLoginSuccess$2.call(Unknown Source)
	at Login Success.run(Login Success:37)
	at com.kms.katalon.core.main.ScriptEngine.run(ScriptEngine.java:194)
	at com.kms.katalon.core.main.ScriptEngine.runScriptAsRawText(ScriptEngine.java:119)
	at com.kms.katalon.core.main.TestCaseExecutor.runScript(TestCaseExecutor.java:448)
	at com.kms.katalon.core.main.TestCaseExecutor.doExecute(TestCaseExecutor.java:439)
	at com.kms.katalon.core.main.TestCaseExecutor.processExecutionPhase(TestCaseExecutor.java:418)
	at com.kms.katalon.core.main.TestCaseExecutor.accessMainPhase(TestCaseExecutor.java:410)
	at com.kms.katalon.core.main.TestCaseExecutor.execute(TestCaseExecutor.java:285)
	at com.kms.katalon.core.common.CommonExecutor.accessTestCaseMainPhase(CommonExecutor.java:65)
	at com.kms.katalon.core.main.TestSuiteExecutor.accessTestSuiteMainPhase(TestSuiteExecutor.java:151)
	at com.kms.katalon.core.main.TestSuiteExecutor.execute(TestSuiteExecutor.java:106)
	at com.kms.katalon.core.main.TestCaseMain.startTestSuite(TestCaseMain.java:185)
	at com.kms.katalon.core.main.TestCaseMain$startTestSuite$0.call(Unknown Source)
	at TempTestSuite1683462659832.run(TempTestSuite1683462659832.groovy:36)
"/>
         <system-out><![CDATA[2023-05-07 19:32:54 - [TEST_CASE][FAILED] - Test Cases/Android/Login/Login Success: Test Cases/Android/Login/Login Success FAILED.
Reason:
com.kms.katalon.core.exception.StepFailedException: Element 'Object Repository/Android/Dashboad/TextView - Android NewLine Learning' not found
	at com.kms.katalon.core.keyword.internal.KeywordMain.stepFailed(KeywordMain.groovy:39)
	at com.kms.katalon.core.mobile.keyword.internal.MobileKeywordMain.stepFailed(MobileKeywordMain.groovy:40)
	at com.kms.katalon.core.mobile.keyword.builtin.VerifyElementExistKeyword$_verifyElementExist_closure1.doCall(VerifyElementExistKeyword.groovy:77)
	at com.kms.katalon.core.mobile.keyword.builtin.VerifyElementExistKeyword$_verifyElementExist_closure1.call(VerifyElementExistKeyword.groovy)
	at com.kms.katalon.core.mobile.keyword.internal.MobileKeywordMain.runKeyword(MobileKeywordMain.groovy:21)
	at com.kms.katalon.core.mobile.keyword.builtin.VerifyElementExistKeyword.verifyElementExist(VerifyElementExistKeyword.groovy:80)
	at com.kms.katalon.core.mobile.keyword.builtin.VerifyElementExistKeyword.execute(VerifyElementExistKeyword.groovy:64)
	at com.kms.katalon.core.keyword.internal.KeywordExecutor.executeKeywordForPlatform(KeywordExecutor.groovy:74)
	at com.kms.katalon.core.mobile.keyword.MobileBuiltInKeywords.verifyElementExist(MobileBuiltInKeywords.groovy:1739)
	at com.kms.katalon.core.mobile.keyword.MobileBuiltInKeywords$verifyElementExist$3.call(Unknown Source)
	at mobile.login.verifyLoginSuccess(login.groovy:61)
	at mobile.login$verifyLoginSuccess$2.call(Unknown Source)
	at Login Success.run(Login Success:37)
	at com.kms.katalon.core.main.ScriptEngine.run(ScriptEngine.java:194)
	at com.kms.katalon.core.main.ScriptEngine.runScriptAsRawText(ScriptEngine.java:119)
	at com.kms.katalon.core.main.TestCaseExecutor.runScript(TestCaseExecutor.java:448)
	at com.kms.katalon.core.main.TestCaseExecutor.doExecute(TestCaseExecutor.java:439)
	at com.kms.katalon.core.main.TestCaseExecutor.processExecutionPhase(TestCaseExecutor.java:418)
	at com.kms.katalon.core.main.TestCaseExecutor.accessMainPhase(TestCaseExecutor.java:410)
	at com.kms.katalon.core.main.TestCaseExecutor.execute(TestCaseExecutor.java:285)
	at com.kms.katalon.core.common.CommonExecutor.accessTestCaseMainPhase(CommonExecutor.java:65)
	at com.kms.katalon.core.main.TestSuiteExecutor.accessTestSuiteMainPhase(TestSuiteExecutor.java:151)
	at com.kms.katalon.core.main.TestSuiteExecutor.execute(TestSuiteExecutor.java:106)
	at com.kms.katalon.core.main.TestCaseMain.startTestSuite(TestCaseMain.java:185)
	at com.kms.katalon.core.main.TestCaseMain$startTestSuite$0.call(Unknown Source)
	at TempTestSuite1683462659832.run(TempTestSuite1683462659832.groovy:36)


2023-05-07 19:32:54 - [TEST_STEP][PASSED] - Common.startApp(): Started app at: 'D:\Project\Katalon\Surplus\surplus-mobile\Android Apps\Login Test.apk'

2023-05-07 19:33:03 - [MESSAGE][PASSED] - Started app at: 'D:\Project\Katalon\Surplus\surplus-mobile\Android Apps\Login Test.apk'

2023-05-07 19:33:03 - [TEST_STEP][PASSED] - comment("Case : Login Success"): Case : Login Success

2023-05-07 19:33:03 - [MESSAGE][INFO] - Case : Login Success

2023-05-07 19:33:03 - [TEST_STEP][PASSED] - comment("Step : Set Email"): Step : Set Email

2023-05-07 19:33:03 - [MESSAGE][INFO] - Step : Set Email

2023-05-07 19:33:03 - [TEST_STEP][PASSED] - login.setEmail(G_email): Keyboard is hidden

2023-05-07 19:33:03 - [MESSAGE][WARNING] - Timeout '0' is invalid. Using default page load timeout: '30'

2023-05-07 19:33:04 - [MESSAGE][PASSED] - Tapped on element 'Object Repository/Android/Login/EditText - Email'

2023-05-07 19:33:04 - [MESSAGE][WARNING] - Timeout '0' is invalid. Using default page load timeout: '30'

2023-05-07 19:33:06 - [MESSAGE][PASSED] - Text 'qq2@qq.com' has been set to element 'Object Repository/Android/Login/EditText - Email'

2023-05-07 19:33:07 - [MESSAGE][PASSED] - Keyboard is hidden

2023-05-07 19:33:07 - [TEST_STEP][PASSED] - comment("Step : Set Password"): Step : Set Password

2023-05-07 19:33:07 - [MESSAGE][INFO] - Step : Set Password

2023-05-07 19:33:07 - [TEST_STEP][PASSED] - login.setPassword(G_password): Keyboard is hidden

2023-05-07 19:33:07 - [MESSAGE][WARNING] - Timeout '0' is invalid. Using default page load timeout: '30'

2023-05-07 19:33:08 - [MESSAGE][PASSED] - Tapped on element 'Object Repository/Android/Login/EditText - Password'

2023-05-07 19:33:08 - [MESSAGE][WARNING] - Timeout '0' is invalid. Using default page load timeout: '30'

2023-05-07 19:33:09 - [MESSAGE][PASSED] - Text 'qqqq' has been set to element 'Object Repository/Android/Login/EditText - Password'

2023-05-07 19:33:12 - [MESSAGE][PASSED] - Keyboard is hidden

2023-05-07 19:33:12 - [TEST_STEP][PASSED] - comment("Step : Tap Login Button"): Step : Tap Login Button

2023-05-07 19:33:12 - [MESSAGE][INFO] - Step : Tap Login Button

2023-05-07 19:33:12 - [TEST_STEP][PASSED] - login.tapLoginButton(): Tapped on element 'Object Repository/Android/Login/Button - LOGIN'

2023-05-07 19:33:12 - [MESSAGE][WARNING] - Timeout '0' is invalid. Using default page load timeout: '30'

2023-05-07 19:33:12 - [MESSAGE][PASSED] - Tapped on element 'Object Repository/Android/Login/Button - LOGIN'

2023-05-07 19:33:12 - [TEST_STEP][PASSED] - comment("Step : Verify Login Success"): Step : Verify Login Success

2023-05-07 19:33:12 - [MESSAGE][INFO] - Step : Verify Login Success

2023-05-07 19:33:12 - [TEST_STEP][FAILED] - login.verifyLoginSuccess(): Verify element text of test object 'Object Repository/Android/Dashboad/TextView - Account Password' FAILED. (Root cause: org.openqa.selenium.WebDriverException: An unknown server-side error occurred while processing the command. Original error: Could not proxy command to the remote server. Original error: socket hang up
Build info: version: '3.141.59', revision: 'e82be7d358', time: '2018-11-14T08:25:53'
System info: host: 'DESKTOP-N4OK8PU', ip: '192.168.100.5', os.name: 'Windows 10', os.arch: 'amd64', os.version: '10.0', java.version: '1.8.0_282'
Driver info: com.kms.katalon.core.appium.driver.SwipeableAndroidDriver
Capabilities {app: D:\Project\Katalon\Surplus\..., appPackage: com.loginmodule.learning, autoGrantPermissions: true, automationName: uiautomator2, chromedriverPort: 52074, databaseEnabled: false, desired: {app: D:\Project\Katalon\Surplus\..., autoGrantPermissions: true, automationName: uiautomator2, chromedriverPort: 52074, deviceName: emulator-5554 (sdk_gphone_x..., fullReset: false, newCommandTimeout: 1800, noReset: true, platform: ANDROID, platformName: android, platformVersion: 11, systemPort: 52798, udid: emulator-5554}, deviceApiLevel: 30, deviceManufacturer: Google, deviceModel: sdk_gphone_x86_arm, deviceName: emulator-5554, deviceScreenDensity: 560, deviceScreenSize: 1440x3040, deviceUDID: emulator-5554, fullReset: false, javascriptEnabled: true, locationContextEnabled: false, networkConnectionEnabled: true, newCommandTimeout: 1800, noReset: true, pixelRatio: 3.5, platform: ANDROID, platformName: Android, platformVersion: 11, statBarHeight: 172, systemPort: 52798, takesScreenshot: true, udid: emulator-5554, viewportRect: {height: 2529, left: 0, top: 172, width: 1440}, warnings: {}, webStorageEnabled: false}
Session ID: 61371db2-eeab-499c-8f21-87028119f375
	at org.openqa.selenium.remote.http.W3CHttpResponseCodec.createException(W3CHttpResponseCodec.java:187)
	at org.openqa.selenium.remote.http.W3CHttpResponseCodec.decode(W3CHttpResponseCodec.java:122)
	at org.openqa.selenium.remote.http.W3CHttpResponseCodec.decode(W3CHttpResponseCodec.java:49)
	at org.openqa.selenium.remote.HttpCommandExecutor.execute(HttpCommandExecutor.java:158)
	at io.appium.java_client.remote.AppiumCommandExecutor.execute(AppiumCommandExecutor.java:239)
	at org.openqa.selenium.remote.RemoteWebDriver.execute(RemoteWebDriver.java:552)
	at io.appium.java_client.DefaultGenericMobileDriver.execute(DefaultGenericMobileDriver.java:46)
	at io.appium.java_client.AppiumDriver.execute(AppiumDriver.java:1)
	at io.appium.java_client.android.AndroidDriver.execute(AndroidDriver.java:1)
	at com.kms.katalon.core.appium.driver.SwipeableAndroidDriver.execute(SwipeableAndroidDriver.java:1)
	at org.openqa.selenium.remote.RemoteWebDriver$RemoteWebDriverOptions$RemoteWindow.getSize(RemoteWebDriver.java:813)
	at org.openqa.selenium.WebDriver$Window$getSize.call(Unknown Source)
	at com.kms.katalon.core.mobile.keyword.internal.MobileAbstractKeyword.findElement(MobileAbstractKeyword.groovy:81)
	at com.kms.katalon.core.mobile.keyword.builtin.VerifyElementTextKeyword.access$1(VerifyElementTextKeyword.groovy)
	at com.kms.katalon.core.mobile.keyword.builtin.VerifyElementTextKeyword$_verifyElementText_closure1.doCall(VerifyElementTextKeyword.groovy:47)
	at com.kms.katalon.core.mobile.keyword.builtin.VerifyElementTextKeyword$_verifyElementText_closure1.call(VerifyElementTextKeyword.groovy)
	at com.kms.katalon.core.mobile.keyword.internal.MobileKeywordMain.runKeyword(MobileKeywordMain.groovy:21)
	at com.kms.katalon.core.mobile.keyword.builtin.VerifyElementTextKeyword.verifyElementText(VerifyElementTextKeyword.groovy:62)
	at com.kms.katalon.core.mobile.keyword.builtin.VerifyElementTextKeyword.execute(VerifyElementTextKeyword.groovy:39)
	at com.kms.katalon.core.keyword.internal.KeywordExecutor.executeKeywordForPlatform(KeywordExecutor.groovy:74)
	at com.kms.katalon.core.mobile.keyword.MobileBuiltInKeywords.verifyElementText(MobileBuiltInKeywords.groovy:2885)
	at com.kms.katalon.core.mobile.keyword.MobileBuiltInKeywords$verifyElementText$5.call(Unknown Source)
	at mobile.login.verifyLoginSuccess(login.groovy:66)
	at mobile.login$verifyLoginSuccess$2.call(Unknown Source)
	at Login Success.run(Login Success:37)
	at com.kms.katalon.core.main.ScriptEngine.run(ScriptEngine.java:194)
	at com.kms.katalon.core.main.ScriptEngine.runScriptAsRawText(ScriptEngine.java:119)
	at com.kms.katalon.core.main.TestCaseExecutor.runScript(TestCaseExecutor.java:448)
	at com.kms.katalon.core.main.TestCaseExecutor.doExecute(TestCaseExecutor.java:439)
	at com.kms.katalon.core.main.TestCaseExecutor.processExecutionPhase(TestCaseExecutor.java:418)
	at com.kms.katalon.core.main.TestCaseExecutor.accessMainPhase(TestCaseExecutor.java:410)
	at com.kms.katalon.core.main.TestCaseExecutor.execute(TestCaseExecutor.java:285)
	at com.kms.katalon.core.common.CommonExecutor.accessTestCaseMainPhase(CommonExecutor.java:65)
	at com.kms.katalon.core.main.TestSuiteExecutor.accessTestSuiteMainPhase(TestSuiteExecutor.java:151)
	at com.kms.katalon.core.main.TestSuiteExecutor.execute(TestSuiteExecutor.java:106)
	at com.kms.katalon.core.main.TestCaseMain.startTestSuite(TestCaseMain.java:185)
	at com.kms.katalon.core.main.TestCaseMain$startTestSuite$0.call(Unknown Source)
	at TempTestSuite1683462659832.run(TempTestSuite1683462659832.groovy:36)
)

2023-05-07 19:33:14 - [MESSAGE][FAILED] - Element 'Object Repository/Android/Dashboad/TextView - Android NewLine Learning' not found

2023-05-07 19:33:14 - [MESSAGE][WARNING] - Cannot take screenshot

2023-05-07 19:33:14 - [MESSAGE][FAILED] - Failed to check for element 'Object Repository/Android/Dashboad/TextView - Hello,' exist (Root cause: org.openqa.selenium.WebDriverException: An unknown server-side error occurred while processing the command. Original error: Could not proxy command to the remote server. Original error: socket hang up
Build info: version: '3.141.59', revision: 'e82be7d358', time: '2018-11-14T08:25:53'
System info: host: 'DESKTOP-N4OK8PU', ip: '192.168.100.5', os.name: 'Windows 10', os.arch: 'amd64', os.version: '10.0', java.version: '1.8.0_282'
Driver info: com.kms.katalon.core.appium.driver.SwipeableAndroidDriver
Capabilities {app: D:\Project\Katalon\Surplus\..., appPackage: com.loginmodule.learning, autoGrantPermissions: true, automationName: uiautomator2, chromedriverPort: 52074, databaseEnabled: false, desired: {app: D:\Project\Katalon\Surplus\..., autoGrantPermissions: true, automationName: uiautomator2, chromedriverPort: 52074, deviceName: emulator-5554 (sdk_gphone_x..., fullReset: false, newCommandTimeout: 1800, noReset: true, platform: ANDROID, platformName: android, platformVersion: 11, systemPort: 52798, udid: emulator-5554}, deviceApiLevel: 30, deviceManufacturer: Google, deviceModel: sdk_gphone_x86_arm, deviceName: emulator-5554, deviceScreenDensity: 560, deviceScreenSize: 1440x3040, deviceUDID: emulator-5554, fullReset: false, javascriptEnabled: true, locationContextEnabled: false, networkConnectionEnabled: true, newCommandTimeout: 1800, noReset: true, pixelRatio: 3.5, platform: ANDROID, platformName: Android, platformVersion: 11, statBarHeight: 172, systemPort: 52798, takesScreenshot: true, udid: emulator-5554, viewportRect: {height: 2529, left: 0, top: 172, width: 1440}, warnings: {}, webStorageEnabled: false}
Session ID: 61371db2-eeab-499c-8f21-87028119f375
	at org.openqa.selenium.remote.http.W3CHttpResponseCodec.createException(W3CHttpResponseCodec.java:187)
	at org.openqa.selenium.remote.http.W3CHttpResponseCodec.decode(W3CHttpResponseCodec.java:122)
	at org.openqa.selenium.remote.http.W3CHttpResponseCodec.decode(W3CHttpResponseCodec.java:49)
	at org.openqa.selenium.remote.HttpCommandExecutor.execute(HttpCommandExecutor.java:158)
	at io.appium.java_client.remote.AppiumCommandExecutor.execute(AppiumCommandExecutor.java:239)
	at org.openqa.selenium.remote.RemoteWebDriver.execute(RemoteWebDriver.java:552)
	at io.appium.java_client.DefaultGenericMobileDriver.execute(DefaultGenericMobileDriver.java:46)
	at io.appium.java_client.AppiumDriver.execute(AppiumDriver.java:1)
	at io.appium.java_client.android.AndroidDriver.execute(AndroidDriver.java:1)
	at com.kms.katalon.core.appium.driver.SwipeableAndroidDriver.execute(SwipeableAndroidDriver.java:1)
	at org.openqa.selenium.remote.RemoteWebDriver$RemoteWebDriverOptions$RemoteWindow.getSize(RemoteWebDriver.java:813)
	at org.openqa.selenium.WebDriver$Window$getSize.call(Unknown Source)
	at com.kms.katalon.core.mobile.keyword.internal.MobileAbstractKeyword.findElement(MobileAbstractKeyword.groovy:81)
	at com.kms.katalon.core.mobile.keyword.builtin.VerifyElementExistKeyword.access$1(VerifyElementExistKeyword.groovy)
	at com.kms.katalon.core.mobile.keyword.builtin.VerifyElementExistKeyword$_verifyElementExist_closure1.doCall(VerifyElementExistKeyword.groovy:72)
	at com.kms.katalon.core.mobile.keyword.builtin.VerifyElementExistKeyword$_verifyElementExist_closure1.call(VerifyElementExistKeyword.groovy)
	at com.kms.katalon.core.mobile.keyword.internal.MobileKeywordMain.runKeyword(MobileKeywordMain.groovy:21)
	at com.kms.katalon.core.mobile.keyword.builtin.VerifyElementExistKeyword.verifyElementExist(VerifyElementExistKeyword.groovy:80)
	at com.kms.katalon.core.mobile.keyword.builtin.VerifyElementExistKeyword.execute(VerifyElementExistKeyword.groovy:64)
	at com.kms.katalon.core.keyword.internal.KeywordExecutor.executeKeywordForPlatform(KeywordExecutor.groovy:74)
	at com.kms.katalon.core.mobile.keyword.MobileBuiltInKeywords.verifyElementExist(MobileBuiltInKeywords.groovy:1739)
	at com.kms.katalon.core.mobile.keyword.MobileBuiltInKeywords$verifyElementExist$3.call(Unknown Source)
	at mobile.login.verifyLoginSuccess(login.groovy:62)
	at mobile.login$verifyLoginSuccess$2.call(Unknown Source)
	at Login Success.run(Login Success:37)
	at com.kms.katalon.core.main.ScriptEngine.run(ScriptEngine.java:194)
	at com.kms.katalon.core.main.ScriptEngine.runScriptAsRawText(ScriptEngine.java:119)
	at com.kms.katalon.core.main.TestCaseExecutor.runScript(TestCaseExecutor.java:448)
	at com.kms.katalon.core.main.TestCaseExecutor.doExecute(TestCaseExecutor.java:439)
	at com.kms.katalon.core.main.TestCaseExecutor.processExecutionPhase(TestCaseExecutor.java:418)
	at com.kms.katalon.core.main.TestCaseExecutor.accessMainPhase(TestCaseExecutor.java:410)
	at com.kms.katalon.core.main.TestCaseExecutor.execute(TestCaseExecutor.java:285)
	at com.kms.katalon.core.common.CommonExecutor.accessTestCaseMainPhase(CommonExecutor.java:65)
	at com.kms.katalon.core.main.TestSuiteExecutor.accessTestSuiteMainPhase(TestSuiteExecutor.java:151)
	at com.kms.katalon.core.main.TestSuiteExecutor.execute(TestSuiteExecutor.java:106)
	at com.kms.katalon.core.main.TestCaseMain.startTestSuite(TestCaseMain.java:185)
	at com.kms.katalon.core.main.TestCaseMain$startTestSuite$0.call(Unknown Source)
	at TempTestSuite1683462659832.run(TempTestSuite1683462659832.groovy:36)
)

2023-05-07 19:33:14 - [MESSAGE][WARNING] - Cannot take screenshot

2023-05-07 19:33:14 - [MESSAGE][FAILED] - Verify element text of test object 'Object Repository/Android/Dashboad/TextView - Email' FAILED. (Root cause: org.openqa.selenium.WebDriverException: An unknown server-side error occurred while processing the command. Original error: Could not proxy command to the remote server. Original error: socket hang up
Build info: version: '3.141.59', revision: 'e82be7d358', time: '2018-11-14T08:25:53'
System info: host: 'DESKTOP-N4OK8PU', ip: '192.168.100.5', os.name: 'Windows 10', os.arch: 'amd64', os.version: '10.0', java.version: '1.8.0_282'
Driver info: com.kms.katalon.core.appium.driver.SwipeableAndroidDriver
Capabilities {app: D:\Project\Katalon\Surplus\..., appPackage: com.loginmodule.learning, autoGrantPermissions: true, automationName: uiautomator2, chromedriverPort: 52074, databaseEnabled: false, desired: {app: D:\Project\Katalon\Surplus\..., autoGrantPermissions: true, automationName: uiautomator2, chromedriverPort: 52074, deviceName: emulator-5554 (sdk_gphone_x..., fullReset: false, newCommandTimeout: 1800, noReset: true, platform: ANDROID, platformName: android, platformVersion: 11, systemPort: 52798, udid: emulator-5554}, deviceApiLevel: 30, deviceManufacturer: Google, deviceModel: sdk_gphone_x86_arm, deviceName: emulator-5554, deviceScreenDensity: 560, deviceScreenSize: 1440x3040, deviceUDID: emulator-5554, fullReset: false, javascriptEnabled: true, locationContextEnabled: false, networkConnectionEnabled: true, newCommandTimeout: 1800, noReset: true, pixelRatio: 3.5, platform: ANDROID, platformName: Android, platformVersion: 11, statBarHeight: 172, systemPort: 52798, takesScreenshot: true, udid: emulator-5554, viewportRect: {height: 2529, left: 0, top: 172, width: 1440}, warnings: {}, webStorageEnabled: false}
Session ID: 61371db2-eeab-499c-8f21-87028119f375
	at org.openqa.selenium.remote.http.W3CHttpResponseCodec.createException(W3CHttpResponseCodec.java:187)
	at org.openqa.selenium.remote.http.W3CHttpResponseCodec.decode(W3CHttpResponseCodec.java:122)
	at org.openqa.selenium.remote.http.W3CHttpResponseCodec.decode(W3CHttpResponseCodec.java:49)
	at org.openqa.selenium.remote.HttpCommandExecutor.execute(HttpCommandExecutor.java:158)
	at io.appium.java_client.remote.AppiumCommandExecutor.execute(AppiumCommandExecutor.java:239)
	at org.openqa.selenium.remote.RemoteWebDriver.execute(RemoteWebDriver.java:552)
	at io.appium.java_client.DefaultGenericMobileDriver.execute(DefaultGenericMobileDriver.java:46)
	at io.appium.java_client.AppiumDriver.execute(AppiumDriver.java:1)
	at io.appium.java_client.android.AndroidDriver.execute(AndroidDriver.java:1)
	at com.kms.katalon.core.appium.driver.SwipeableAndroidDriver.execute(SwipeableAndroidDriver.java:1)
	at org.openqa.selenium.remote.RemoteWebDriver$RemoteWebDriverOptions$RemoteWindow.getSize(RemoteWebDriver.java:813)
	at org.openqa.selenium.WebDriver$Window$getSize.call(Unknown Source)
	at com.kms.katalon.core.mobile.keyword.internal.MobileAbstractKeyword.findElement(MobileAbstractKeyword.groovy:81)
	at com.kms.katalon.core.mobile.keyword.builtin.VerifyElementTextKeyword.access$1(VerifyElementTextKeyword.groovy)
	at com.kms.katalon.core.mobile.keyword.builtin.VerifyElementTextKeyword$_verifyElementText_closure1.doCall(VerifyElementTextKeyword.groovy:47)
	at com.kms.katalon.core.mobile.keyword.builtin.VerifyElementTextKeyword$_verifyElementText_closure1.call(VerifyElementTextKeyword.groovy)
	at com.kms.katalon.core.mobile.keyword.internal.MobileKeywordMain.runKeyword(MobileKeywordMain.groovy:21)
	at com.kms.katalon.core.mobile.keyword.builtin.VerifyElementTextKeyword.verifyElementText(VerifyElementTextKeyword.groovy:62)
	at com.kms.katalon.core.mobile.keyword.builtin.VerifyElementTextKeyword.execute(VerifyElementTextKeyword.groovy:39)
	at com.kms.katalon.core.keyword.internal.KeywordExecutor.executeKeywordForPlatform(KeywordExecutor.groovy:74)
	at com.kms.katalon.core.mobile.keyword.MobileBuiltInKeywords.verifyElementText(MobileBuiltInKeywords.groovy:2885)
	at com.kms.katalon.core.mobile.keyword.MobileBuiltInKeywords$verifyElementText$5.call(Unknown Source)
	at mobile.login.verifyLoginSuccess(login.groovy:63)
	at mobile.login$verifyLoginSuccess$2.call(Unknown Source)
	at Login Success.run(Login Success:37)
	at com.kms.katalon.core.main.ScriptEngine.run(ScriptEngine.java:194)
	at com.kms.katalon.core.main.ScriptEngine.runScriptAsRawText(ScriptEngine.java:119)
	at com.kms.katalon.core.main.TestCaseExecutor.runScript(TestCaseExecutor.java:448)
	at com.kms.katalon.core.main.TestCaseExecutor.doExecute(TestCaseExecutor.java:439)
	at com.kms.katalon.core.main.TestCaseExecutor.processExecutionPhase(TestCaseExecutor.java:418)
	at com.kms.katalon.core.main.TestCaseExecutor.accessMainPhase(TestCaseExecutor.java:410)
	at com.kms.katalon.core.main.TestCaseExecutor.execute(TestCaseExecutor.java:285)
	at com.kms.katalon.core.common.CommonExecutor.accessTestCaseMainPhase(CommonExecutor.java:65)
	at com.kms.katalon.core.main.TestSuiteExecutor.accessTestSuiteMainPhase(TestSuiteExecutor.java:151)
	at com.kms.katalon.core.main.TestSuiteExecutor.execute(TestSuiteExecutor.java:106)
	at com.kms.katalon.core.main.TestCaseMain.startTestSuite(TestCaseMain.java:185)
	at com.kms.katalon.core.main.TestCaseMain$startTestSuite$0.call(Unknown Source)
	at TempTestSuite1683462659832.run(TempTestSuite1683462659832.groovy:36)
)

2023-05-07 19:33:14 - [MESSAGE][WARNING] - Cannot take screenshot

2023-05-07 19:33:14 - [MESSAGE][FAILED] - Verify element text of test object 'Object Repository/Android/Dashboad/TextView - Account Name' FAILED. (Root cause: org.openqa.selenium.WebDriverException: An unknown server-side error occurred while processing the command. Original error: Could not proxy command to the remote server. Original error: socket hang up
Build info: version: '3.141.59', revision: 'e82be7d358', time: '2018-11-14T08:25:53'
System info: host: 'DESKTOP-N4OK8PU', ip: '192.168.100.5', os.name: 'Windows 10', os.arch: 'amd64', os.version: '10.0', java.version: '1.8.0_282'
Driver info: com.kms.katalon.core.appium.driver.SwipeableAndroidDriver
Capabilities {app: D:\Project\Katalon\Surplus\..., appPackage: com.loginmodule.learning, autoGrantPermissions: true, automationName: uiautomator2, chromedriverPort: 52074, databaseEnabled: false, desired: {app: D:\Project\Katalon\Surplus\..., autoGrantPermissions: true, automationName: uiautomator2, chromedriverPort: 52074, deviceName: emulator-5554 (sdk_gphone_x..., fullReset: false, newCommandTimeout: 1800, noReset: true, platform: ANDROID, platformName: android, platformVersion: 11, systemPort: 52798, udid: emulator-5554}, deviceApiLevel: 30, deviceManufacturer: Google, deviceModel: sdk_gphone_x86_arm, deviceName: emulator-5554, deviceScreenDensity: 560, deviceScreenSize: 1440x3040, deviceUDID: emulator-5554, fullReset: false, javascriptEnabled: true, locationContextEnabled: false, networkConnectionEnabled: true, newCommandTimeout: 1800, noReset: true, pixelRatio: 3.5, platform: ANDROID, platformName: Android, platformVersion: 11, statBarHeight: 172, systemPort: 52798, takesScreenshot: true, udid: emulator-5554, viewportRect: {height: 2529, left: 0, top: 172, width: 1440}, warnings: {}, webStorageEnabled: false}
Session ID: 61371db2-eeab-499c-8f21-87028119f375
	at org.openqa.selenium.remote.http.W3CHttpResponseCodec.createException(W3CHttpResponseCodec.java:187)
	at org.openqa.selenium.remote.http.W3CHttpResponseCodec.decode(W3CHttpResponseCodec.java:122)
	at org.openqa.selenium.remote.http.W3CHttpResponseCodec.decode(W3CHttpResponseCodec.java:49)
	at org.openqa.selenium.remote.HttpCommandExecutor.execute(HttpCommandExecutor.java:158)
	at io.appium.java_client.remote.AppiumCommandExecutor.execute(AppiumCommandExecutor.java:239)
	at org.openqa.selenium.remote.RemoteWebDriver.execute(RemoteWebDriver.java:552)
	at io.appium.java_client.DefaultGenericMobileDriver.execute(DefaultGenericMobileDriver.java:46)
	at io.appium.java_client.AppiumDriver.execute(AppiumDriver.java:1)
	at io.appium.java_client.android.AndroidDriver.execute(AndroidDriver.java:1)
	at com.kms.katalon.core.appium.driver.SwipeableAndroidDriver.execute(SwipeableAndroidDriver.java:1)
	at org.openqa.selenium.remote.RemoteWebDriver$RemoteWebDriverOptions$RemoteWindow.getSize(RemoteWebDriver.java:813)
	at org.openqa.selenium.WebDriver$Window$getSize.call(Unknown Source)
	at com.kms.katalon.core.mobile.keyword.internal.MobileAbstractKeyword.findElement(MobileAbstractKeyword.groovy:81)
	at com.kms.katalon.core.mobile.keyword.builtin.VerifyElementTextKeyword.access$1(VerifyElementTextKeyword.groovy)
	at com.kms.katalon.core.mobile.keyword.builtin.VerifyElementTextKeyword$_verifyElementText_closure1.doCall(VerifyElementTextKeyword.groovy:47)
	at com.kms.katalon.core.mobile.keyword.builtin.VerifyElementTextKeyword$_verifyElementText_closure1.call(VerifyElementTextKeyword.groovy)
	at com.kms.katalon.core.mobile.keyword.internal.MobileKeywordMain.runKeyword(MobileKeywordMain.groovy:21)
	at com.kms.katalon.core.mobile.keyword.builtin.VerifyElementTextKeyword.verifyElementText(VerifyElementTextKeyword.groovy:62)
	at com.kms.katalon.core.mobile.keyword.builtin.VerifyElementTextKeyword.execute(VerifyElementTextKeyword.groovy:39)
	at com.kms.katalon.core.keyword.internal.KeywordExecutor.executeKeywordForPlatform(KeywordExecutor.groovy:74)
	at com.kms.katalon.core.mobile.keyword.MobileBuiltInKeywords.verifyElementText(MobileBuiltInKeywords.groovy:2885)
	at com.kms.katalon.core.mobile.keyword.MobileBuiltInKeywords$verifyElementText$5.call(Unknown Source)
	at mobile.login.verifyLoginSuccess(login.groovy:64)
	at mobile.login$verifyLoginSuccess$2.call(Unknown Source)
	at Login Success.run(Login Success:37)
	at com.kms.katalon.core.main.ScriptEngine.run(ScriptEngine.java:194)
	at com.kms.katalon.core.main.ScriptEngine.runScriptAsRawText(ScriptEngine.java:119)
	at com.kms.katalon.core.main.TestCaseExecutor.runScript(TestCaseExecutor.java:448)
	at com.kms.katalon.core.main.TestCaseExecutor.doExecute(TestCaseExecutor.java:439)
	at com.kms.katalon.core.main.TestCaseExecutor.processExecutionPhase(TestCaseExecutor.java:418)
	at com.kms.katalon.core.main.TestCaseExecutor.accessMainPhase(TestCaseExecutor.java:410)
	at com.kms.katalon.core.main.TestCaseExecutor.execute(TestCaseExecutor.java:285)
	at com.kms.katalon.core.common.CommonExecutor.accessTestCaseMainPhase(CommonExecutor.java:65)
	at com.kms.katalon.core.main.TestSuiteExecutor.accessTestSuiteMainPhase(TestSuiteExecutor.java:151)
	at com.kms.katalon.core.main.TestSuiteExecutor.execute(TestSuiteExecutor.java:106)
	at com.kms.katalon.core.main.TestCaseMain.startTestSuite(TestCaseMain.java:185)
	at com.kms.katalon.core.main.TestCaseMain$startTestSuite$0.call(Unknown Source)
	at TempTestSuite1683462659832.run(TempTestSuite1683462659832.groovy:36)
)

2023-05-07 19:33:15 - [MESSAGE][WARNING] - Cannot take screenshot

2023-05-07 19:33:15 - [MESSAGE][FAILED] - Verify element text of test object 'Object Repository/Android/Dashboad/TextView - Account Email' FAILED. (Root cause: org.openqa.selenium.WebDriverException: An unknown server-side error occurred while processing the command. Original error: Could not proxy command to the remote server. Original error: socket hang up
Build info: version: '3.141.59', revision: 'e82be7d358', time: '2018-11-14T08:25:53'
System info: host: 'DESKTOP-N4OK8PU', ip: '192.168.100.5', os.name: 'Windows 10', os.arch: 'amd64', os.version: '10.0', java.version: '1.8.0_282'
Driver info: com.kms.katalon.core.appium.driver.SwipeableAndroidDriver
Capabilities {app: D:\Project\Katalon\Surplus\..., appPackage: com.loginmodule.learning, autoGrantPermissions: true, automationName: uiautomator2, chromedriverPort: 52074, databaseEnabled: false, desired: {app: D:\Project\Katalon\Surplus\..., autoGrantPermissions: true, automationName: uiautomator2, chromedriverPort: 52074, deviceName: emulator-5554 (sdk_gphone_x..., fullReset: false, newCommandTimeout: 1800, noReset: true, platform: ANDROID, platformName: android, platformVersion: 11, systemPort: 52798, udid: emulator-5554}, deviceApiLevel: 30, deviceManufacturer: Google, deviceModel: sdk_gphone_x86_arm, deviceName: emulator-5554, deviceScreenDensity: 560, deviceScreenSize: 1440x3040, deviceUDID: emulator-5554, fullReset: false, javascriptEnabled: true, locationContextEnabled: false, networkConnectionEnabled: true, newCommandTimeout: 1800, noReset: true, pixelRatio: 3.5, platform: ANDROID, platformName: Android, platformVersion: 11, statBarHeight: 172, systemPort: 52798, takesScreenshot: true, udid: emulator-5554, viewportRect: {height: 2529, left: 0, top: 172, width: 1440}, warnings: {}, webStorageEnabled: false}
Session ID: 61371db2-eeab-499c-8f21-87028119f375
	at org.openqa.selenium.remote.http.W3CHttpResponseCodec.createException(W3CHttpResponseCodec.java:187)
	at org.openqa.selenium.remote.http.W3CHttpResponseCodec.decode(W3CHttpResponseCodec.java:122)
	at org.openqa.selenium.remote.http.W3CHttpResponseCodec.decode(W3CHttpResponseCodec.java:49)
	at org.openqa.selenium.remote.HttpCommandExecutor.execute(HttpCommandExecutor.java:158)
	at io.appium.java_client.remote.AppiumCommandExecutor.execute(AppiumCommandExecutor.java:239)
	at org.openqa.selenium.remote.RemoteWebDriver.execute(RemoteWebDriver.java:552)
	at io.appium.java_client.DefaultGenericMobileDriver.execute(DefaultGenericMobileDriver.java:46)
	at io.appium.java_client.AppiumDriver.execute(AppiumDriver.java:1)
	at io.appium.java_client.android.AndroidDriver.execute(AndroidDriver.java:1)
	at com.kms.katalon.core.appium.driver.SwipeableAndroidDriver.execute(SwipeableAndroidDriver.java:1)
	at org.openqa.selenium.remote.RemoteWebDriver$RemoteWebDriverOptions$RemoteWindow.getSize(RemoteWebDriver.java:813)
	at org.openqa.selenium.WebDriver$Window$getSize.call(Unknown Source)
	at com.kms.katalon.core.mobile.keyword.internal.MobileAbstractKeyword.findElement(MobileAbstractKeyword.groovy:81)
	at com.kms.katalon.core.mobile.keyword.builtin.VerifyElementTextKeyword.access$1(VerifyElementTextKeyword.groovy)
	at com.kms.katalon.core.mobile.keyword.builtin.VerifyElementTextKeyword$_verifyElementText_closure1.doCall(VerifyElementTextKeyword.groovy:47)
	at com.kms.katalon.core.mobile.keyword.builtin.VerifyElementTextKeyword$_verifyElementText_closure1.call(VerifyElementTextKeyword.groovy)
	at com.kms.katalon.core.mobile.keyword.internal.MobileKeywordMain.runKeyword(MobileKeywordMain.groovy:21)
	at com.kms.katalon.core.mobile.keyword.builtin.VerifyElementTextKeyword.verifyElementText(VerifyElementTextKeyword.groovy:62)
	at com.kms.katalon.core.mobile.keyword.builtin.VerifyElementTextKeyword.execute(VerifyElementTextKeyword.groovy:39)
	at com.kms.katalon.core.keyword.internal.KeywordExecutor.executeKeywordForPlatform(KeywordExecutor.groovy:74)
	at com.kms.katalon.core.mobile.keyword.MobileBuiltInKeywords.verifyElementText(MobileBuiltInKeywords.groovy:2885)
	at com.kms.katalon.core.mobile.keyword.MobileBuiltInKeywords$verifyElementText$5.call(Unknown Source)
	at mobile.login.verifyLoginSuccess(login.groovy:65)
	at mobile.login$verifyLoginSuccess$2.call(Unknown Source)
	at Login Success.run(Login Success:37)
	at com.kms.katalon.core.main.ScriptEngine.run(ScriptEngine.java:194)
	at com.kms.katalon.core.main.ScriptEngine.runScriptAsRawText(ScriptEngine.java:119)
	at com.kms.katalon.core.main.TestCaseExecutor.runScript(TestCaseExecutor.java:448)
	at com.kms.katalon.core.main.TestCaseExecutor.doExecute(TestCaseExecutor.java:439)
	at com.kms.katalon.core.main.TestCaseExecutor.processExecutionPhase(TestCaseExecutor.java:418)
	at com.kms.katalon.core.main.TestCaseExecutor.accessMainPhase(TestCaseExecutor.java:410)
	at com.kms.katalon.core.main.TestCaseExecutor.execute(TestCaseExecutor.java:285)
	at com.kms.katalon.core.common.CommonExecutor.accessTestCaseMainPhase(CommonExecutor.java:65)
	at com.kms.katalon.core.main.TestSuiteExecutor.accessTestSuiteMainPhase(TestSuiteExecutor.java:151)
	at com.kms.katalon.core.main.TestSuiteExecutor.execute(TestSuiteExecutor.java:106)
	at com.kms.katalon.core.main.TestCaseMain.startTestSuite(TestCaseMain.java:185)
	at com.kms.katalon.core.main.TestCaseMain$startTestSuite$0.call(Unknown Source)
	at TempTestSuite1683462659832.run(TempTestSuite1683462659832.groovy:36)
)

2023-05-07 19:33:15 - [MESSAGE][WARNING] - Cannot take screenshot

2023-05-07 19:33:15 - [MESSAGE][FAILED] - Verify element text of test object 'Object Repository/Android/Dashboad/TextView - Account Password' FAILED. (Root cause: org.openqa.selenium.WebDriverException: An unknown server-side error occurred while processing the command. Original error: Could not proxy command to the remote server. Original error: socket hang up
Build info: version: '3.141.59', revision: 'e82be7d358', time: '2018-11-14T08:25:53'
System info: host: 'DESKTOP-N4OK8PU', ip: '192.168.100.5', os.name: 'Windows 10', os.arch: 'amd64', os.version: '10.0', java.version: '1.8.0_282'
Driver info: com.kms.katalon.core.appium.driver.SwipeableAndroidDriver
Capabilities {app: D:\Project\Katalon\Surplus\..., appPackage: com.loginmodule.learning, autoGrantPermissions: true, automationName: uiautomator2, chromedriverPort: 52074, databaseEnabled: false, desired: {app: D:\Project\Katalon\Surplus\..., autoGrantPermissions: true, automationName: uiautomator2, chromedriverPort: 52074, deviceName: emulator-5554 (sdk_gphone_x..., fullReset: false, newCommandTimeout: 1800, noReset: true, platform: ANDROID, platformName: android, platformVersion: 11, systemPort: 52798, udid: emulator-5554}, deviceApiLevel: 30, deviceManufacturer: Google, deviceModel: sdk_gphone_x86_arm, deviceName: emulator-5554, deviceScreenDensity: 560, deviceScreenSize: 1440x3040, deviceUDID: emulator-5554, fullReset: false, javascriptEnabled: true, locationContextEnabled: false, networkConnectionEnabled: true, newCommandTimeout: 1800, noReset: true, pixelRatio: 3.5, platform: ANDROID, platformName: Android, platformVersion: 11, statBarHeight: 172, systemPort: 52798, takesScreenshot: true, udid: emulator-5554, viewportRect: {height: 2529, left: 0, top: 172, width: 1440}, warnings: {}, webStorageEnabled: false}
Session ID: 61371db2-eeab-499c-8f21-87028119f375
	at org.openqa.selenium.remote.http.W3CHttpResponseCodec.createException(W3CHttpResponseCodec.java:187)
	at org.openqa.selenium.remote.http.W3CHttpResponseCodec.decode(W3CHttpResponseCodec.java:122)
	at org.openqa.selenium.remote.http.W3CHttpResponseCodec.decode(W3CHttpResponseCodec.java:49)
	at org.openqa.selenium.remote.HttpCommandExecutor.execute(HttpCommandExecutor.java:158)
	at io.appium.java_client.remote.AppiumCommandExecutor.execute(AppiumCommandExecutor.java:239)
	at org.openqa.selenium.remote.RemoteWebDriver.execute(RemoteWebDriver.java:552)
	at io.appium.java_client.DefaultGenericMobileDriver.execute(DefaultGenericMobileDriver.java:46)
	at io.appium.java_client.AppiumDriver.execute(AppiumDriver.java:1)
	at io.appium.java_client.android.AndroidDriver.execute(AndroidDriver.java:1)
	at com.kms.katalon.core.appium.driver.SwipeableAndroidDriver.execute(SwipeableAndroidDriver.java:1)
	at org.openqa.selenium.remote.RemoteWebDriver$RemoteWebDriverOptions$RemoteWindow.getSize(RemoteWebDriver.java:813)
	at org.openqa.selenium.WebDriver$Window$getSize.call(Unknown Source)
	at com.kms.katalon.core.mobile.keyword.internal.MobileAbstractKeyword.findElement(MobileAbstractKeyword.groovy:81)
	at com.kms.katalon.core.mobile.keyword.builtin.VerifyElementTextKeyword.access$1(VerifyElementTextKeyword.groovy)
	at com.kms.katalon.core.mobile.keyword.builtin.VerifyElementTextKeyword$_verifyElementText_closure1.doCall(VerifyElementTextKeyword.groovy:47)
	at com.kms.katalon.core.mobile.keyword.builtin.VerifyElementTextKeyword$_verifyElementText_closure1.call(VerifyElementTextKeyword.groovy)
	at com.kms.katalon.core.mobile.keyword.internal.MobileKeywordMain.runKeyword(MobileKeywordMain.groovy:21)
	at com.kms.katalon.core.mobile.keyword.builtin.VerifyElementTextKeyword.verifyElementText(VerifyElementTextKeyword.groovy:62)
	at com.kms.katalon.core.mobile.keyword.builtin.VerifyElementTextKeyword.execute(VerifyElementTextKeyword.groovy:39)
	at com.kms.katalon.core.keyword.internal.KeywordExecutor.executeKeywordForPlatform(KeywordExecutor.groovy:74)
	at com.kms.katalon.core.mobile.keyword.MobileBuiltInKeywords.verifyElementText(MobileBuiltInKeywords.groovy:2885)
	at com.kms.katalon.core.mobile.keyword.MobileBuiltInKeywords$verifyElementText$5.call(Unknown Source)
	at mobile.login.verifyLoginSuccess(login.groovy:66)
	at mobile.login$verifyLoginSuccess$2.call(Unknown Source)
	at Login Success.run(Login Success:37)
	at com.kms.katalon.core.main.ScriptEngine.run(ScriptEngine.java:194)
	at com.kms.katalon.core.main.ScriptEngine.runScriptAsRawText(ScriptEngine.java:119)
	at com.kms.katalon.core.main.TestCaseExecutor.runScript(TestCaseExecutor.java:448)
	at com.kms.katalon.core.main.TestCaseExecutor.doExecute(TestCaseExecutor.java:439)
	at com.kms.katalon.core.main.TestCaseExecutor.processExecutionPhase(TestCaseExecutor.java:418)
	at com.kms.katalon.core.main.TestCaseExecutor.accessMainPhase(TestCaseExecutor.java:410)
	at com.kms.katalon.core.main.TestCaseExecutor.execute(TestCaseExecutor.java:285)
	at com.kms.katalon.core.common.CommonExecutor.accessTestCaseMainPhase(CommonExecutor.java:65)
	at com.kms.katalon.core.main.TestSuiteExecutor.accessTestSuiteMainPhase(TestSuiteExecutor.java:151)
	at com.kms.katalon.core.main.TestSuiteExecutor.execute(TestSuiteExecutor.java:106)
	at com.kms.katalon.core.main.TestCaseMain.startTestSuite(TestCaseMain.java:185)
	at com.kms.katalon.core.main.TestCaseMain$startTestSuite$0.call(Unknown Source)
	at TempTestSuite1683462659832.run(TempTestSuite1683462659832.groovy:36)
)]]></system-out>
         <system-err><![CDATA[2023-05-07 19:32:54 - [TEST_CASE][FAILED] - Test Cases/Android/Login/Login Success: Test Cases/Android/Login/Login Success FAILED.
Reason:
com.kms.katalon.core.exception.StepFailedException: Element 'Object Repository/Android/Dashboad/TextView - Android NewLine Learning' not found
	at com.kms.katalon.core.keyword.internal.KeywordMain.stepFailed(KeywordMain.groovy:39)
	at com.kms.katalon.core.mobile.keyword.internal.MobileKeywordMain.stepFailed(MobileKeywordMain.groovy:40)
	at com.kms.katalon.core.mobile.keyword.builtin.VerifyElementExistKeyword$_verifyElementExist_closure1.doCall(VerifyElementExistKeyword.groovy:77)
	at com.kms.katalon.core.mobile.keyword.builtin.VerifyElementExistKeyword$_verifyElementExist_closure1.call(VerifyElementExistKeyword.groovy)
	at com.kms.katalon.core.mobile.keyword.internal.MobileKeywordMain.runKeyword(MobileKeywordMain.groovy:21)
	at com.kms.katalon.core.mobile.keyword.builtin.VerifyElementExistKeyword.verifyElementExist(VerifyElementExistKeyword.groovy:80)
	at com.kms.katalon.core.mobile.keyword.builtin.VerifyElementExistKeyword.execute(VerifyElementExistKeyword.groovy:64)
	at com.kms.katalon.core.keyword.internal.KeywordExecutor.executeKeywordForPlatform(KeywordExecutor.groovy:74)
	at com.kms.katalon.core.mobile.keyword.MobileBuiltInKeywords.verifyElementExist(MobileBuiltInKeywords.groovy:1739)
	at com.kms.katalon.core.mobile.keyword.MobileBuiltInKeywords$verifyElementExist$3.call(Unknown Source)
	at mobile.login.verifyLoginSuccess(login.groovy:61)
	at mobile.login$verifyLoginSuccess$2.call(Unknown Source)
	at Login Success.run(Login Success:37)
	at com.kms.katalon.core.main.ScriptEngine.run(ScriptEngine.java:194)
	at com.kms.katalon.core.main.ScriptEngine.runScriptAsRawText(ScriptEngine.java:119)
	at com.kms.katalon.core.main.TestCaseExecutor.runScript(TestCaseExecutor.java:448)
	at com.kms.katalon.core.main.TestCaseExecutor.doExecute(TestCaseExecutor.java:439)
	at com.kms.katalon.core.main.TestCaseExecutor.processExecutionPhase(TestCaseExecutor.java:418)
	at com.kms.katalon.core.main.TestCaseExecutor.accessMainPhase(TestCaseExecutor.java:410)
	at com.kms.katalon.core.main.TestCaseExecutor.execute(TestCaseExecutor.java:285)
	at com.kms.katalon.core.common.CommonExecutor.accessTestCaseMainPhase(CommonExecutor.java:65)
	at com.kms.katalon.core.main.TestSuiteExecutor.accessTestSuiteMainPhase(TestSuiteExecutor.java:151)
	at com.kms.katalon.core.main.TestSuiteExecutor.execute(TestSuiteExecutor.java:106)
	at com.kms.katalon.core.main.TestCaseMain.startTestSuite(TestCaseMain.java:185)
	at com.kms.katalon.core.main.TestCaseMain$startTestSuite$0.call(Unknown Source)
	at TempTestSuite1683462659832.run(TempTestSuite1683462659832.groovy:36)]]></system-err>
      </testcase>
      <testcase name="Test Cases/Android/Login/Login Failed" time="23.501" classname="Test Cases/Android/Login/Login Failed" status="PASSED">
         <system-out><![CDATA[2023-05-07 19:33:15 - [TEST_CASE][PASSED] - Test Cases/Android/Login/Login Failed: Test Cases/Android/Login/Login Failed

2023-05-07 19:33:15 - [TEST_STEP][PASSED] - login.setGVariable("qq", "qq0@qq.com", "qq"): null

2023-05-07 19:33:15 - [TEST_STEP][PASSED] - Common.startApp(): Started app at: 'D:\Project\Katalon\Surplus\surplus-mobile\Android Apps\Login Test.apk'

2023-05-07 19:33:24 - [MESSAGE][PASSED] - Started app at: 'D:\Project\Katalon\Surplus\surplus-mobile\Android Apps\Login Test.apk'

2023-05-07 19:33:24 - [TEST_STEP][PASSED] - comment("Case : Set Email Empty"): Case : Set Email Empty

2023-05-07 19:33:24 - [MESSAGE][INFO] - Case : Set Email Empty

2023-05-07 19:33:24 - [TEST_STEP][PASSED] - login.setEmail(""): Keyboard is hidden

2023-05-07 19:33:24 - [MESSAGE][WARNING] - Timeout '0' is invalid. Using default page load timeout: '30'

2023-05-07 19:33:24 - [MESSAGE][PASSED] - Tapped on element 'Object Repository/Android/Login/EditText - Email'

2023-05-07 19:33:24 - [MESSAGE][WARNING] - Timeout '0' is invalid. Using default page load timeout: '30'

2023-05-07 19:33:26 - [MESSAGE][PASSED] - Text '' has been set to element 'Object Repository/Android/Login/EditText - Email'

2023-05-07 19:33:28 - [MESSAGE][PASSED] - Keyboard is hidden

2023-05-07 19:33:28 - [TEST_STEP][PASSED] - login.tapLoginButton(): Tapped on element 'Object Repository/Android/Login/Button - LOGIN'

2023-05-07 19:33:28 - [MESSAGE][WARNING] - Timeout '0' is invalid. Using default page load timeout: '30'

2023-05-07 19:33:29 - [MESSAGE][PASSED] - Tapped on element 'Object Repository/Android/Login/Button - LOGIN'

2023-05-07 19:33:29 - [TEST_STEP][PASSED] - login.verifyFieldEmail(): Element 'Object Repository/Android/Login/TextView - Enter Valid Email' is exist

2023-05-07 19:33:29 - [MESSAGE][PASSED] - Element 'Object Repository/Android/Login/TextView - Enter Valid Email' is exist

2023-05-07 19:33:29 - [TEST_STEP][PASSED] - comment("Case : Set Password Empty"): Case : Set Password Empty

2023-05-07 19:33:29 - [MESSAGE][INFO] - Case : Set Password Empty

2023-05-07 19:33:29 - [TEST_STEP][PASSED] - login.setEmail(G_email): Keyboard is hidden

2023-05-07 19:33:29 - [MESSAGE][WARNING] - Timeout '0' is invalid. Using default page load timeout: '30'

2023-05-07 19:33:29 - [MESSAGE][PASSED] - Tapped on element 'Object Repository/Android/Login/EditText - Email'

2023-05-07 19:33:29 - [MESSAGE][WARNING] - Timeout '0' is invalid. Using default page load timeout: '30'

2023-05-07 19:33:31 - [MESSAGE][PASSED] - Text 'qq0@qq.com' has been set to element 'Object Repository/Android/Login/EditText - Email'

2023-05-07 19:33:32 - [MESSAGE][PASSED] - Keyboard is hidden

2023-05-07 19:33:32 - [TEST_STEP][PASSED] - login.setPassword(""): Keyboard is hidden

2023-05-07 19:33:32 - [MESSAGE][WARNING] - Timeout '0' is invalid. Using default page load timeout: '30'

2023-05-07 19:33:33 - [MESSAGE][PASSED] - Tapped on element 'Object Repository/Android/Login/EditText - Password'

2023-05-07 19:33:33 - [MESSAGE][WARNING] - Timeout '0' is invalid. Using default page load timeout: '30'

2023-05-07 19:33:34 - [MESSAGE][PASSED] - Text '' has been set to element 'Object Repository/Android/Login/EditText - Password'

2023-05-07 19:33:37 - [MESSAGE][PASSED] - Keyboard is hidden

2023-05-07 19:33:37 - [TEST_STEP][PASSED] - login.tapLoginButton(): Tapped on element 'Object Repository/Android/Login/Button - LOGIN'

2023-05-07 19:33:37 - [MESSAGE][WARNING] - Timeout '0' is invalid. Using default page load timeout: '30'

2023-05-07 19:33:38 - [MESSAGE][PASSED] - Tapped on element 'Object Repository/Android/Login/Button - LOGIN'

2023-05-07 19:33:38 - [TEST_STEP][PASSED] - login.verifyFieldPassword(): Element 'Object Repository/Android/Login/TextView - Enter Valid Password' is exist

2023-05-07 19:33:38 - [MESSAGE][PASSED] - Element 'Object Repository/Android/Login/TextView - Enter Valid Password' is exist]]></system-out>
         <system-err><![CDATA[]]></system-err>
      </testcase>
      <system-out><![CDATA[2023-05-07 19:31:02 - [TEST_SUITE][FAILED] - Flow Register Login: Test Cases/Android/Login/Login Success FAILED.
Reason:
com.kms.katalon.core.exception.StepFailedException: Element 'Object Repository/Android/Dashboad/TextView - Android NewLine Learning' not found
	at com.kms.katalon.core.keyword.internal.KeywordMain.stepFailed(KeywordMain.groovy:39)
	at com.kms.katalon.core.mobile.keyword.internal.MobileKeywordMain.stepFailed(MobileKeywordMain.groovy:40)
	at com.kms.katalon.core.mobile.keyword.builtin.VerifyElementExistKeyword$_verifyElementExist_closure1.doCall(VerifyElementExistKeyword.groovy:77)
	at com.kms.katalon.core.mobile.keyword.builtin.VerifyElementExistKeyword$_verifyElementExist_closure1.call(VerifyElementExistKeyword.groovy)
	at com.kms.katalon.core.mobile.keyword.internal.MobileKeywordMain.runKeyword(MobileKeywordMain.groovy:21)
	at com.kms.katalon.core.mobile.keyword.builtin.VerifyElementExistKeyword.verifyElementExist(VerifyElementExistKeyword.groovy:80)
	at com.kms.katalon.core.mobile.keyword.builtin.VerifyElementExistKeyword.execute(VerifyElementExistKeyword.groovy:64)
	at com.kms.katalon.core.keyword.internal.KeywordExecutor.executeKeywordForPlatform(KeywordExecutor.groovy:74)
	at com.kms.katalon.core.mobile.keyword.MobileBuiltInKeywords.verifyElementExist(MobileBuiltInKeywords.groovy:1739)
	at com.kms.katalon.core.mobile.keyword.MobileBuiltInKeywords$verifyElementExist$3.call(Unknown Source)
	at mobile.login.verifyLoginSuccess(login.groovy:61)
	at mobile.login$verifyLoginSuccess$2.call(Unknown Source)
	at Login Success.run(Login Success:37)
	at com.kms.katalon.core.main.ScriptEngine.run(ScriptEngine.java:194)
	at com.kms.katalon.core.main.ScriptEngine.runScriptAsRawText(ScriptEngine.java:119)
	at com.kms.katalon.core.main.TestCaseExecutor.runScript(TestCaseExecutor.java:448)
	at com.kms.katalon.core.main.TestCaseExecutor.doExecute(TestCaseExecutor.java:439)
	at com.kms.katalon.core.main.TestCaseExecutor.processExecutionPhase(TestCaseExecutor.java:418)
	at com.kms.katalon.core.main.TestCaseExecutor.accessMainPhase(TestCaseExecutor.java:410)
	at com.kms.katalon.core.main.TestCaseExecutor.execute(TestCaseExecutor.java:285)
	at com.kms.katalon.core.common.CommonExecutor.accessTestCaseMainPhase(CommonExecutor.java:65)
	at com.kms.katalon.core.main.TestSuiteExecutor.accessTestSuiteMainPhase(TestSuiteExecutor.java:151)
	at com.kms.katalon.core.main.TestSuiteExecutor.execute(TestSuiteExecutor.java:106)
	at com.kms.katalon.core.main.TestCaseMain.startTestSuite(TestCaseMain.java:185)
	at com.kms.katalon.core.main.TestCaseMain$startTestSuite$0.call(Unknown Source)
	at TempTestSuite1683462659832.run(TempTestSuite1683462659832.groovy:36)]]></system-out>
      <system-err><![CDATA[2023-05-07 19:31:02 - [TEST_SUITE][FAILED] - Flow Register Login: Test Cases/Android/Login/Login Success FAILED.
Reason:
com.kms.katalon.core.exception.StepFailedException: Element 'Object Repository/Android/Dashboad/TextView - Android NewLine Learning' not found
	at com.kms.katalon.core.keyword.internal.KeywordMain.stepFailed(KeywordMain.groovy:39)
	at com.kms.katalon.core.mobile.keyword.internal.MobileKeywordMain.stepFailed(MobileKeywordMain.groovy:40)
	at com.kms.katalon.core.mobile.keyword.builtin.VerifyElementExistKeyword$_verifyElementExist_closure1.doCall(VerifyElementExistKeyword.groovy:77)
	at com.kms.katalon.core.mobile.keyword.builtin.VerifyElementExistKeyword$_verifyElementExist_closure1.call(VerifyElementExistKeyword.groovy)
	at com.kms.katalon.core.mobile.keyword.internal.MobileKeywordMain.runKeyword(MobileKeywordMain.groovy:21)
	at com.kms.katalon.core.mobile.keyword.builtin.VerifyElementExistKeyword.verifyElementExist(VerifyElementExistKeyword.groovy:80)
	at com.kms.katalon.core.mobile.keyword.builtin.VerifyElementExistKeyword.execute(VerifyElementExistKeyword.groovy:64)
	at com.kms.katalon.core.keyword.internal.KeywordExecutor.executeKeywordForPlatform(KeywordExecutor.groovy:74)
	at com.kms.katalon.core.mobile.keyword.MobileBuiltInKeywords.verifyElementExist(MobileBuiltInKeywords.groovy:1739)
	at com.kms.katalon.core.mobile.keyword.MobileBuiltInKeywords$verifyElementExist$3.call(Unknown Source)
	at mobile.login.verifyLoginSuccess(login.groovy:61)
	at mobile.login$verifyLoginSuccess$2.call(Unknown Source)
	at Login Success.run(Login Success:37)
	at com.kms.katalon.core.main.ScriptEngine.run(ScriptEngine.java:194)
	at com.kms.katalon.core.main.ScriptEngine.runScriptAsRawText(ScriptEngine.java:119)
	at com.kms.katalon.core.main.TestCaseExecutor.runScript(TestCaseExecutor.java:448)
	at com.kms.katalon.core.main.TestCaseExecutor.doExecute(TestCaseExecutor.java:439)
	at com.kms.katalon.core.main.TestCaseExecutor.processExecutionPhase(TestCaseExecutor.java:418)
	at com.kms.katalon.core.main.TestCaseExecutor.accessMainPhase(TestCaseExecutor.java:410)
	at com.kms.katalon.core.main.TestCaseExecutor.execute(TestCaseExecutor.java:285)
	at com.kms.katalon.core.common.CommonExecutor.accessTestCaseMainPhase(CommonExecutor.java:65)
	at com.kms.katalon.core.main.TestSuiteExecutor.accessTestSuiteMainPhase(TestSuiteExecutor.java:151)
	at com.kms.katalon.core.main.TestSuiteExecutor.execute(TestSuiteExecutor.java:106)
	at com.kms.katalon.core.main.TestCaseMain.startTestSuite(TestCaseMain.java:185)
	at com.kms.katalon.core.main.TestCaseMain$startTestSuite$0.call(Unknown Source)
	at TempTestSuite1683462659832.run(TempTestSuite1683462659832.groovy:36)]]></system-err>
   </testsuite>
</testsuites>
